[debug] [2021-04-18T20:01:35.505Z] ----------------------------------------------------------------------
[debug] [2021-04-18T20:01:35.511Z] Command:       /usr/local/bin/node /usr/local/bin/firebase emulators:start
[debug] [2021-04-18T20:01:35.512Z] CLI Version:   9.10.0
[debug] [2021-04-18T20:01:35.512Z] Platform:      darwin
[debug] [2021-04-18T20:01:35.513Z] Node Version:  v12.18.3
[debug] [2021-04-18T20:01:35.518Z] Time:          Sun Apr 18 2021 16:01:35 GMT-0400 (Eastern Daylight Time)
[debug] [2021-04-18T20:01:35.519Z] ----------------------------------------------------------------------
[debug] 
[debug] [2021-04-18T20:01:35.544Z] > command requires scopes: ["email","openid","https://www.googleapis.com/auth/cloudplatformprojects.readonly","https://www.googleapis.com/auth/firebase","https://www.googleapis.com/auth/cloud-platform"]
[debug] [2021-04-18T20:01:35.545Z] > authorizing via signed-in user (studios.fjam@gmail.com)
[info] i  emulators: Starting emulators: auth, functions, firestore, database, hosting {"metadata":{"emulator":{"name":"hub"},"message":"Starting emulators: auth, functions, firestore, database, hosting"}}
[debug] [2021-04-18T20:01:35.603Z] [hub] writing locator at /var/folders/m0/f5lbt3rs341bl5cjm9zk93xr0000gn/T/hub-pixstery-7c9b9.json
[warn] ⚠  functions: The following emulators are not running, calls to these services from the Functions emulator will affect production: pubsub {"metadata":{"emulator":{"name":"functions"},"message":"The following emulators are not running, calls to these services from the Functions emulator will affect production: \u001b[1mpubsub\u001b[22m"}}
[info] ✔  functions: Using node@12 from host. {"metadata":{"emulator":{"name":"functions"},"message":"Using node@12 from host."}}
[debug] [2021-04-18T20:01:35.683Z] defaultcredentials: writing to file /Users/fugoto/.config/firebase/studios_fjam_gmail.com_application_default_credentials.json
[debug] [2021-04-18T20:01:35.753Z] Setting GAC to /Users/fugoto/.config/firebase/studios_fjam_gmail.com_application_default_credentials.json {"metadata":{"emulator":{"name":"functions"},"message":"Setting GAC to /Users/fugoto/.config/firebase/studios_fjam_gmail.com_application_default_credentials.json"}}
[debug] [2021-04-18T20:01:35.763Z] >>> [apiv2][query] GET https://firebase.googleapis.com/v1beta1/projects/pixstery-7c9b9/adminSdkConfig [none]
[debug] [2021-04-18T20:01:36.232Z] <<< [apiv2][status] GET https://firebase.googleapis.com/v1beta1/projects/pixstery-7c9b9/adminSdkConfig 200
[debug] [2021-04-18T20:01:36.232Z] <<< [apiv2][body] GET https://firebase.googleapis.com/v1beta1/projects/pixstery-7c9b9/adminSdkConfig {"projectId":"pixstery-7c9b9","databaseURL":"https://pixstery-7c9b9-default-rtdb.firebaseio.com","storageBucket":"pixstery-7c9b9.appspot.com","locationId":"us-central"}
[debug] [2021-04-18T20:01:36.279Z] Ignoring unsupported arg: projectId {"metadata":{"emulator":{"name":"firestore"},"message":"Ignoring unsupported arg: projectId"}}
[debug] [2021-04-18T20:01:36.280Z] Ignoring unsupported arg: auto_download {"metadata":{"emulator":{"name":"firestore"},"message":"Ignoring unsupported arg: auto_download"}}
[debug] [2021-04-18T20:01:36.280Z] Starting Firestore Emulator with command {"binary":"java","args":["-Dgoogle.cloud_firestore.debug_log_level=FINE","-Duser.language=en","-jar","/Users/fugoto/.cache/firebase/emulators/cloud-firestore-emulator-v1.11.14.jar","--host","0.0.0.0","--port",8080,"--rules","/Users/fugoto/Coding-projects/pixtery/firestore.rules","--functions_emulator","0.0.0.0:5001"],"optionalArgs":["port","webchannel_port","host","rules","functions_emulator","seed_from_export"],"joinArgs":false} {"metadata":{"emulator":{"name":"firestore"},"message":"Starting Firestore Emulator with command {\"binary\":\"java\",\"args\":[\"-Dgoogle.cloud_firestore.debug_log_level=FINE\",\"-Duser.language=en\",\"-jar\",\"/Users/fugoto/.cache/firebase/emulators/cloud-firestore-emulator-v1.11.14.jar\",\"--host\",\"0.0.0.0\",\"--port\",8080,\"--rules\",\"/Users/fugoto/Coding-projects/pixtery/firestore.rules\",\"--functions_emulator\",\"0.0.0.0:5001\"],\"optionalArgs\":[\"port\",\"webchannel_port\",\"host\",\"rules\",\"functions_emulator\",\"seed_from_export\"],\"joinArgs\":false}"}}
[info] i  firestore: Firestore Emulator logging to firestore-debug.log {"metadata":{"emulator":{"name":"firestore"},"message":"Firestore Emulator logging to \u001b[1mfirestore-debug.log\u001b[22m"}}
[debug] [2021-04-18T20:01:39.378Z] Apr 18, 2021 4:01:39 PM com.google.cloud.datastore.emulator.firestore.websocket.WebSocketServer start
INFO: Started WebSocket server on ws://0.0.0.0:60731
 {"metadata":{"emulator":{"name":"firestore"},"message":"Apr 18, 2021 4:01:39 PM com.google.cloud.datastore.emulator.firestore.websocket.WebSocketServer start\nINFO: Started WebSocket server on ws://0.0.0.0:60731\n"}}
[debug] [2021-04-18T20:01:39.551Z] API endpoint: http:// {"metadata":{"emulator":{"name":"firestore"},"message":"API endpoint: http://"}}
[debug] [2021-04-18T20:01:39.552Z] 0.0.0.0:8080
If you are using a library that supports the FIRESTORE_EMULATOR_HOST environment variable, run:

   export FIRESTORE_EMULATOR_HOST=0.0.0.0: {"metadata":{"emulator":{"name":"firestore"},"message":"0.0.0.0:8080\nIf you are using a library that supports the FIRESTORE_EMULATOR_HOST environment variable, run:\n\n   export FIRESTORE_EMULATOR_HOST=0.0.0.0:"}}
[debug] [2021-04-18T20:01:39.553Z] 8080

Dev App Server is now running.

 {"metadata":{"emulator":{"name":"firestore"},"message":"8080\n\nDev App Server is now running.\n\n"}}
[debug] [2021-04-18T20:01:39.623Z] >>> [apiv2][query] GET https://firebase.googleapis.com/v1beta1/projects/pixstery-7c9b9 [none]
[debug] [2021-04-18T20:01:39.841Z] <<< [apiv2][status] GET https://firebase.googleapis.com/v1beta1/projects/pixstery-7c9b9 200
[debug] [2021-04-18T20:01:39.841Z] <<< [apiv2][body] GET https://firebase.googleapis.com/v1beta1/projects/pixstery-7c9b9 {"projectId":"pixstery-7c9b9","projectNumber":"503392467903","displayName":"Pixstery","name":"projects/pixstery-7c9b9","resources":{"hostingSite":"pixstery-7c9b9","realtimeDatabaseInstance":"pixstery-7c9b9-default-rtdb","storageBucket":"pixstery-7c9b9.appspot.com","locationId":"us-central"},"state":"ACTIVE"}
[debug] [2021-04-18T20:01:39.842Z] database rules config:  []
[warn] ⚠  database: Did not find a Realtime Database rules file specified in a firebase.json config file. The emulator will default to allowing all reads and writes. Learn more about this option: https://firebase.google.com/docs/emulator-suite/install_and_configure#security_rules_configuration. {"metadata":{"emulator":{"name":"database"},"message":"Did not find a Realtime Database rules file specified in a firebase.json config file. The emulator will default to allowing all reads and writes. Learn more about this option: https://firebase.google.com/docs/emulator-suite/install_and_configure#security_rules_configuration."}}
[debug] [2021-04-18T20:01:39.844Z] Ignoring unsupported arg: projectId {"metadata":{"emulator":{"name":"database"},"message":"Ignoring unsupported arg: projectId"}}
[debug] [2021-04-18T20:01:39.845Z] Ignoring unsupported arg: auto_download {"metadata":{"emulator":{"name":"database"},"message":"Ignoring unsupported arg: auto_download"}}
[debug] [2021-04-18T20:01:39.845Z] Ignoring unsupported arg: rules {"metadata":{"emulator":{"name":"database"},"message":"Ignoring unsupported arg: rules"}}
[debug] [2021-04-18T20:01:39.845Z] Starting Database Emulator with command {"binary":"java","args":["-Duser.language=en","-jar","/Users/fugoto/.cache/firebase/emulators/firebase-database-emulator-v4.7.2.jar","--host","localhost","--port",9000,"--functions_emulator_host","0.0.0.0","--functions_emulator_port",5001],"optionalArgs":["port","host","functions_emulator_port","functions_emulator_host"],"joinArgs":false} {"metadata":{"emulator":{"name":"database"},"message":"Starting Database Emulator with command {\"binary\":\"java\",\"args\":[\"-Duser.language=en\",\"-jar\",\"/Users/fugoto/.cache/firebase/emulators/firebase-database-emulator-v4.7.2.jar\",\"--host\",\"localhost\",\"--port\",9000,\"--functions_emulator_host\",\"0.0.0.0\",\"--functions_emulator_port\",5001],\"optionalArgs\":[\"port\",\"host\",\"functions_emulator_port\",\"functions_emulator_host\"],\"joinArgs\":false}"}}
[info] i  database: Database Emulator logging to database-debug.log {"metadata":{"emulator":{"name":"database"},"message":"Database Emulator logging to \u001b[1mdatabase-debug.log\u001b[22m"}}
[debug] [2021-04-18T20:01:44.743Z] 16:01:44.738 [NamespaceSystem-akka.actor.default-dispatcher-4] INFO akka.event.slf4j.Slf4jLogger - Slf4jLogger started
 {"metadata":{"emulator":{"name":"database"},"message":"16:01:44.738 [NamespaceSystem-akka.actor.default-dispatcher-4] INFO akka.event.slf4j.Slf4jLogger - Slf4jLogger started\n"}}
[debug] [2021-04-18T20:01:45.377Z] 16:01:45.377 [main] INFO com.firebase.server.forge.App$ - Listening at localhost:9000
 {"metadata":{"emulator":{"name":"database"},"message":"16:01:45.377 [main] INFO com.firebase.server.forge.App$ - Listening at localhost:9000\n"}}
[debug] [2021-04-18T20:01:55.273Z] >>> [apiv2][query] GET https://firebase.googleapis.com/v1beta1/projects/pixstery-7c9b9/webApps/-/config [none]
[debug] [2021-04-18T20:01:55.659Z] <<< [apiv2][status] GET https://firebase.googleapis.com/v1beta1/projects/pixstery-7c9b9/webApps/-/config 200
[debug] [2021-04-18T20:01:55.660Z] <<< [apiv2][body] GET https://firebase.googleapis.com/v1beta1/projects/pixstery-7c9b9/webApps/-/config {"projectId":"pixstery-7c9b9","databaseURL":"https://pixstery-7c9b9-default-rtdb.firebaseio.com","storageBucket":"pixstery-7c9b9.appspot.com","locationId":"us-central","apiKey":"AIzaSyANqRXsUQIKxT9HtG4gIQ6EmsKEMCzCyuo","authDomain":"pixstery-7c9b9.firebaseapp.com","messagingSenderId":"503392467903"}
[info] i  hosting: Serving hosting files from: public {"metadata":{"emulator":{"name":"hosting"},"message":"Serving hosting files from: \u001b[1mpublic\u001b[22m"}}
[info] ✔  hosting: Local server: http://localhost:5000 {"metadata":{"emulator":{"name":"hosting"},"message":"Local server: \u001b[4m\u001b[1mhttp://localhost:5000\u001b[22m\u001b[24m"}}
[debug] [2021-04-18T20:01:55.725Z] Ignoring unsupported arg: auto_download {"metadata":{"emulator":{"name":"ui"},"message":"Ignoring unsupported arg: auto_download"}}
[debug] [2021-04-18T20:01:55.725Z] Ignoring unsupported arg: port {"metadata":{"emulator":{"name":"ui"},"message":"Ignoring unsupported arg: port"}}
[debug] [2021-04-18T20:01:55.726Z] Starting Emulator UI with command {"binary":"node","args":["/Users/fugoto/.cache/firebase/emulators/ui-v1.4.2/server.bundle.js"],"optionalArgs":[],"joinArgs":false} {"metadata":{"emulator":{"name":"ui"},"message":"Starting Emulator UI with command {\"binary\":\"node\",\"args\":[\"/Users/fugoto/.cache/firebase/emulators/ui-v1.4.2/server.bundle.js\"],\"optionalArgs\":[],\"joinArgs\":false}"}}
[info] i  ui: Emulator UI logging to ui-debug.log {"metadata":{"emulator":{"name":"ui"},"message":"Emulator UI logging to \u001b[1mui-debug.log\u001b[22m"}}
[debug] [2021-04-18T20:01:55.945Z] Web / API server started at http://localhost:4000
 {"metadata":{"emulator":{"name":"ui"},"message":"Web / API server started at http://localhost:4000\n"}}
[info] i  functions: Watching "/Users/fugoto/Coding-projects/pixtery/functions" for Cloud Functions... {"metadata":{"emulator":{"name":"functions"},"message":"Watching \"/Users/fugoto/Coding-projects/pixtery/functions\" for Cloud Functions..."}}
[debug] [2021-04-18T20:01:56.014Z] [worker-pool] addWorker(~diagnostic~) {"metadata":{"emulator":{"name":"functions"},"message":"[worker-pool] addWorker(~diagnostic~)"}}
[debug] [2021-04-18T20:01:56.014Z] [worker-pool] Adding worker with key ~diagnostic~, total=1 {"metadata":{"emulator":{"name":"functions"},"message":"[worker-pool] Adding worker with key ~diagnostic~, total=1"}}
[debug] [2021-04-18T20:01:56.015Z] [worker-pool] submitWork(triggerId=) {"metadata":{"emulator":{"name":"functions"},"message":"[worker-pool] submitWork(triggerId=)"}}
[debug] [2021-04-18T20:01:56.015Z] [worker-~diagnostic~-f1f08522-9fdd-416e-b020-6069a31d5e8b]: Assigning socketPath: /var/folders/m0/f5lbt3rs341bl5cjm9zk93xr0000gn/T/fire_emu_17816.sock {"metadata":{"emulator":{"name":"functions"},"message":"[worker-~diagnostic~-f1f08522-9fdd-416e-b020-6069a31d5e8b]: Assigning socketPath: /var/folders/m0/f5lbt3rs341bl5cjm9zk93xr0000gn/T/fire_emu_17816.sock"}}
[debug] [2021-04-18T20:01:56.016Z] [worker-~diagnostic~-f1f08522-9fdd-416e-b020-6069a31d5e8b]: BUSY {"metadata":{"emulator":{"name":"functions"},"message":"[worker-~diagnostic~-f1f08522-9fdd-416e-b020-6069a31d5e8b]: BUSY"}}
[debug] [2021-04-18T20:01:56.445Z] [runtime-status] [17816] Functions runtime initialized. {"cwd":"/Users/fugoto/Coding-projects/pixtery/functions","node_version":"12.18.3"} {"metadata":{"emulator":{"name":"functions"},"message":"[runtime-status] [17816] Functions runtime initialized. {\"cwd\":\"/Users/fugoto/Coding-projects/pixtery/functions\",\"node_version\":\"12.18.3\"}"}}
[debug] [2021-04-18T20:01:56.448Z] [runtime-status] [17816] Disabled runtime features: undefined {"metadata":{"emulator":{"name":"functions"},"message":"[runtime-status] [17816] Disabled runtime features: undefined"}}
[debug] [2021-04-18T20:01:56.453Z] [runtime-status] [17816] Resolved module firebase-admin {"declared":true,"installed":true,"version":"9.6.0","resolution":"/Users/fugoto/Coding-projects/pixtery/functions/node_modules/firebase-admin/lib/index.js"} {"metadata":{"emulator":{"name":"functions"},"message":"[runtime-status] [17816] Resolved module firebase-admin {\"declared\":true,\"installed\":true,\"version\":\"9.6.0\",\"resolution\":\"/Users/fugoto/Coding-projects/pixtery/functions/node_modules/firebase-admin/lib/index.js\"}"}}
[debug] [2021-04-18T20:01:56.456Z] [runtime-status] [17816] Resolved module firebase-functions {"declared":true,"installed":true,"version":"3.13.2","resolution":"/Users/fugoto/Coding-projects/pixtery/functions/node_modules/firebase-functions/lib/index.js"} {"metadata":{"emulator":{"name":"functions"},"message":"[runtime-status] [17816] Resolved module firebase-functions {\"declared\":true,\"installed\":true,\"version\":\"3.13.2\",\"resolution\":\"/Users/fugoto/Coding-projects/pixtery/functions/node_modules/firebase-functions/lib/index.js\"}"}}
[debug] [2021-04-18T20:01:56.459Z] [runtime-status] [17816] Resolved module firebase-functions {"declared":true,"installed":true,"version":"3.13.2","resolution":"/Users/fugoto/Coding-projects/pixtery/functions/node_modules/firebase-functions/lib/index.js"} {"metadata":{"emulator":{"name":"functions"},"message":"[runtime-status] [17816] Resolved module firebase-functions {\"declared\":true,\"installed\":true,\"version\":\"3.13.2\",\"resolution\":\"/Users/fugoto/Coding-projects/pixtery/functions/node_modules/firebase-functions/lib/index.js\"}"}}
[debug] [2021-04-18T20:01:56.464Z] [runtime-status] [17816] Outgoing network have been stubbed. [{"name":"http","status":"mocked"},{"name":"http","status":"mocked"},{"name":"https","status":"mocked"},{"name":"https","status":"mocked"},{"name":"net","status":"mocked"}] {"metadata":{"emulator":{"name":"functions"},"message":"[runtime-status] [17816] Outgoing network have been stubbed. [{\"name\":\"http\",\"status\":\"mocked\"},{\"name\":\"http\",\"status\":\"mocked\"},{\"name\":\"https\",\"status\":\"mocked\"},{\"name\":\"https\",\"status\":\"mocked\"},{\"name\":\"net\",\"status\":\"mocked\"}]"}}
[debug] [2021-04-18T20:01:56.465Z] [runtime-status] [17816] Resolved module firebase-functions {"declared":true,"installed":true,"version":"3.13.2","resolution":"/Users/fugoto/Coding-projects/pixtery/functions/node_modules/firebase-functions/lib/index.js"} {"metadata":{"emulator":{"name":"functions"},"message":"[runtime-status] [17816] Resolved module firebase-functions {\"declared\":true,\"installed\":true,\"version\":\"3.13.2\",\"resolution\":\"/Users/fugoto/Coding-projects/pixtery/functions/node_modules/firebase-functions/lib/index.js\"}"}}
[debug] [2021-04-18T20:01:56.546Z] [runtime-status] [17816] Checked functions.config() {"config":{}} {"metadata":{"emulator":{"name":"functions"},"message":"[runtime-status] [17816] Checked functions.config() {\"config\":{}}"}}
[debug] [2021-04-18T20:01:56.547Z] [runtime-status] [17816] firebase-functions has been stubbed. {"functionsResolution":{"declared":true,"installed":true,"version":"3.13.2","resolution":"/Users/fugoto/Coding-projects/pixtery/functions/node_modules/firebase-functions/lib/index.js"}} {"metadata":{"emulator":{"name":"functions"},"message":"[runtime-status] [17816] firebase-functions has been stubbed. {\"functionsResolution\":{\"declared\":true,\"installed\":true,\"version\":\"3.13.2\",\"resolution\":\"/Users/fugoto/Coding-projects/pixtery/functions/node_modules/firebase-functions/lib/index.js\"}}"}}
[debug] [2021-04-18T20:01:56.547Z] [runtime-status] [17816] Resolved module firebase-functions {"declared":true,"installed":true,"version":"3.13.2","resolution":"/Users/fugoto/Coding-projects/pixtery/functions/node_modules/firebase-functions/lib/index.js"} {"metadata":{"emulator":{"name":"functions"},"message":"[runtime-status] [17816] Resolved module firebase-functions {\"declared\":true,\"installed\":true,\"version\":\"3.13.2\",\"resolution\":\"/Users/fugoto/Coding-projects/pixtery/functions/node_modules/firebase-functions/lib/index.js\"}"}}
[debug] [2021-04-18T20:01:56.552Z] [runtime-status] [17816] Resolved module firebase-admin {"declared":true,"installed":true,"version":"9.6.0","resolution":"/Users/fugoto/Coding-projects/pixtery/functions/node_modules/firebase-admin/lib/index.js"} {"metadata":{"emulator":{"name":"functions"},"message":"[runtime-status] [17816] Resolved module firebase-admin {\"declared\":true,\"installed\":true,\"version\":\"9.6.0\",\"resolution\":\"/Users/fugoto/Coding-projects/pixtery/functions/node_modules/firebase-admin/lib/index.js\"}"}}
[debug] [2021-04-18T20:01:56.553Z] [runtime-status] [17816] Resolved module firebase-functions {"declared":true,"installed":true,"version":"3.13.2","resolution":"/Users/fugoto/Coding-projects/pixtery/functions/node_modules/firebase-functions/lib/index.js"} {"metadata":{"emulator":{"name":"functions"},"message":"[runtime-status] [17816] Resolved module firebase-functions {\"declared\":true,\"installed\":true,\"version\":\"3.13.2\",\"resolution\":\"/Users/fugoto/Coding-projects/pixtery/functions/node_modules/firebase-functions/lib/index.js\"}"}}
[debug] [2021-04-18T20:01:56.554Z] [runtime-status] [17816] firebase-admin has been stubbed. {"adminResolution":{"declared":true,"installed":true,"version":"9.6.0","resolution":"/Users/fugoto/Coding-projects/pixtery/functions/node_modules/firebase-admin/lib/index.js"}} {"metadata":{"emulator":{"name":"functions"},"message":"[runtime-status] [17816] firebase-admin has been stubbed. {\"adminResolution\":{\"declared\":true,\"installed\":true,\"version\":\"9.6.0\",\"resolution\":\"/Users/fugoto/Coding-projects/pixtery/functions/node_modules/firebase-admin/lib/index.js\"}}"}}
[info] ✔  functions[uploadPuzzleSettings]: http function initialized (http://0.0.0.0:5001/pixstery-7c9b9/us-central1/uploadPuzzleSettings). {"metadata":{"emulator":{"name":"functions"},"message":"\u001b[1mhttp\u001b[22m function initialized (http://0.0.0.0:5001/pixstery-7c9b9/us-central1/uploadPuzzleSettings)."}}
[info] ✔  functions[addNumbers]: http function initialized (http://0.0.0.0:5001/pixstery-7c9b9/us-central1/addNumbers). {"metadata":{"emulator":{"name":"functions"},"message":"\u001b[1mhttp\u001b[22m function initialized (http://0.0.0.0:5001/pixstery-7c9b9/us-central1/addNumbers)."}}
[info] 
┌─────────────────────────────────────────────────────────────┐
│ ✔  All emulators ready! It is now safe to connect your app. │
│ i  View Emulator UI at http://localhost:4000                │
└─────────────────────────────────────────────────────────────┘

┌────────────────┬────────────────┬─────────────────────────────────┐
│ Emulator       │ Host:Port      │ View in Emulator UI             │
├────────────────┼────────────────┼─────────────────────────────────┤
│ Authentication │ localhost:9099 │ http://localhost:4000/auth      │
├────────────────┼────────────────┼─────────────────────────────────┤
│ Functions      │ 0.0.0.0:5001   │ http://localhost:4000/functions │
├────────────────┼────────────────┼─────────────────────────────────┤
│ Firestore      │ 0.0.0.0:8080   │ http://localhost:4000/firestore │
├────────────────┼────────────────┼─────────────────────────────────┤
│ Database       │ localhost:9000 │ http://localhost:4000/database  │
├────────────────┼────────────────┼─────────────────────────────────┤
│ Hosting        │ localhost:5000 │ n/a                             │
└────────────────┴────────────────┴─────────────────────────────────┘
  Emulator Hub running at localhost:4400
  Other reserved ports: 4500

Issues? Report them at https://github.com/firebase/firebase-tools/issues and attach the *-debug.log files.
 
[debug] [2021-04-18T20:01:57.037Z] [worker-~diagnostic~-f1f08522-9fdd-416e-b020-6069a31d5e8b]: IDLE {"metadata":{"emulator":{"name":"functions"},"message":"[worker-~diagnostic~-f1f08522-9fdd-416e-b020-6069a31d5e8b]: IDLE"}}
[debug] [2021-04-18T20:03:04.233Z] [work-queue] {"queueLength":1,"workRunningCount":0}
[debug] [2021-04-18T20:03:04.234Z] [work-queue] {"queueLength":0,"workRunningCount":1}
[debug] [2021-04-18T20:03:04.235Z] Accepted request POST /pixstery-7c9b9/us-central1/uploadPuzzleSettings --> uploadPuzzleSettings
[debug] [2021-04-18T20:03:04.235Z] ID Token: eyJhbGciOiJSUzI1NiIsImtpZCI6IjJjOGUyYjI5NmM2ZjMyODRlYzMwYjg4NjVkNzI5M2U2MjdmYTJiOGYiLCJ0eXAiOiJKV1QifQ.eyJpc3MiOiJodHRwczovL3NlY3VyZXRva2VuLmdvb2dsZS5jb20vcGl4c3RlcnktN2M5YjkiLCJhdWQiOiJwaXhzdGVyeS03YzliOSIsImF1dGhfdGltZSI6MTYxNzkwODc0OSwidXNlcl9pZCI6Iko5clphNlJoejdnc1FERVA1eUxodWUyd1I4VjIiLCJzdWIiOiJKOXJaYTZSaHo3Z3NRREVQNXlMaHVlMndSOFYyIiwiaWF0IjoxNjE4Nzc1NTQ0LCJleHAiOjE2MTg3NzkxNDQsInBob25lX251bWJlciI6IisxNjQ2MzU3NjcwNyIsImZpcmViYXNlIjp7ImlkZW50aXRpZXMiOnsicGhvbmUiOlsiKzE2NDYzNTc2NzA3Il19LCJzaWduX2luX3Byb3ZpZGVyIjoicGhvbmUifX0.kwRZtsPrDjRSoeY08N-iSTUcTm1TCtZtGHsrQlDsWulLLq84eVjHqaHhpwXd1n9p4NfZI_gMJHbc0FrWAIbFjRDiNJJH11l3lb2fGx8GDxaPG8CM2pgwt_BOTWIrlEFGO1ZvRGHPtI-OGAFr_tBgMbKfy2MHH-iICrX964sbO3aS-aDK_0szgDQ74MKkCysKoUnQB5hKtZ15JPcbFaWbDlCrmIHDlua83F-PGoi7M9-19wCkAJSoTA8ieajntwyczDeV6-dDmey6uZAVtXT39_1uO83MBZxIg88eqOHv5p3Xb4_Sqzzc9pa84dBojcEHSp6iP8xJwSfYdrzZVcHU7g
[debug] [2021-04-18T20:03:04.247Z] [worker-pool] addWorker(uploadPuzzleSettings) {"metadata":{"emulator":{"name":"functions"},"message":"[worker-pool] addWorker(uploadPuzzleSettings)"}}
[debug] [2021-04-18T20:03:04.248Z] [worker-pool] Adding worker with key uploadPuzzleSettings, total=1 {"metadata":{"emulator":{"name":"functions"},"message":"[worker-pool] Adding worker with key uploadPuzzleSettings, total=1"}}
[debug] [2021-04-18T20:03:04.248Z] [worker-pool] submitWork(triggerId=uploadPuzzleSettings) {"metadata":{"emulator":{"name":"functions"},"message":"[worker-pool] submitWork(triggerId=uploadPuzzleSettings)"}}
[debug] [2021-04-18T20:03:04.249Z] [worker-uploadPuzzleSettings-53b0bafd-ffde-4b9f-9964-cef4a7c9424f]: Assigning socketPath: /var/folders/m0/f5lbt3rs341bl5cjm9zk93xr0000gn/T/fire_emu_17866.sock {"metadata":{"emulator":{"name":"functions"},"message":"[worker-uploadPuzzleSettings-53b0bafd-ffde-4b9f-9964-cef4a7c9424f]: Assigning socketPath: /var/folders/m0/f5lbt3rs341bl5cjm9zk93xr0000gn/T/fire_emu_17866.sock"}}
[debug] [2021-04-18T20:03:04.249Z] [worker-uploadPuzzleSettings-53b0bafd-ffde-4b9f-9964-cef4a7c9424f]: BUSY {"metadata":{"emulator":{"name":"functions"},"message":"[worker-uploadPuzzleSettings-53b0bafd-ffde-4b9f-9964-cef4a7c9424f]: BUSY"}}
[debug] [2021-04-18T20:03:04.667Z] [runtime-status] [17866] Functions runtime initialized. {"cwd":"/Users/fugoto/Coding-projects/pixtery/functions","node_version":"12.18.3"} {"metadata":{"emulator":{"name":"functions"},"function":{"name":"uploadPuzzleSettings"},"message":"[runtime-status] [17866] Functions runtime initialized. {\"cwd\":\"/Users/fugoto/Coding-projects/pixtery/functions\",\"node_version\":\"12.18.3\"}"}}
[debug] [2021-04-18T20:03:04.671Z] [runtime-status] [17866] Disabled runtime features: undefined {"metadata":{"emulator":{"name":"functions"},"function":{"name":"uploadPuzzleSettings"},"message":"[runtime-status] [17866] Disabled runtime features: undefined"}}
[debug] [2021-04-18T20:03:04.677Z] [runtime-status] [17866] Resolved module firebase-admin {"declared":true,"installed":true,"version":"9.6.0","resolution":"/Users/fugoto/Coding-projects/pixtery/functions/node_modules/firebase-admin/lib/index.js"} {"metadata":{"emulator":{"name":"functions"},"function":{"name":"uploadPuzzleSettings"},"message":"[runtime-status] [17866] Resolved module firebase-admin {\"declared\":true,\"installed\":true,\"version\":\"9.6.0\",\"resolution\":\"/Users/fugoto/Coding-projects/pixtery/functions/node_modules/firebase-admin/lib/index.js\"}"}}
[debug] [2021-04-18T20:03:04.679Z] [runtime-status] [17866] Resolved module firebase-functions {"declared":true,"installed":true,"version":"3.13.2","resolution":"/Users/fugoto/Coding-projects/pixtery/functions/node_modules/firebase-functions/lib/index.js"} {"metadata":{"emulator":{"name":"functions"},"function":{"name":"uploadPuzzleSettings"},"message":"[runtime-status] [17866] Resolved module firebase-functions {\"declared\":true,\"installed\":true,\"version\":\"3.13.2\",\"resolution\":\"/Users/fugoto/Coding-projects/pixtery/functions/node_modules/firebase-functions/lib/index.js\"}"}}
[debug] [2021-04-18T20:03:04.681Z] [runtime-status] [17866] Resolved module firebase-functions {"declared":true,"installed":true,"version":"3.13.2","resolution":"/Users/fugoto/Coding-projects/pixtery/functions/node_modules/firebase-functions/lib/index.js"} {"metadata":{"emulator":{"name":"functions"},"function":{"name":"uploadPuzzleSettings"},"message":"[runtime-status] [17866] Resolved module firebase-functions {\"declared\":true,\"installed\":true,\"version\":\"3.13.2\",\"resolution\":\"/Users/fugoto/Coding-projects/pixtery/functions/node_modules/firebase-functions/lib/index.js\"}"}}
[debug] [2021-04-18T20:03:04.684Z] [runtime-status] [17866] Outgoing network have been stubbed. [{"name":"http","status":"mocked"},{"name":"http","status":"mocked"},{"name":"https","status":"mocked"},{"name":"https","status":"mocked"},{"name":"net","status":"mocked"}] {"metadata":{"emulator":{"name":"functions"},"function":{"name":"uploadPuzzleSettings"},"message":"[runtime-status] [17866] Outgoing network have been stubbed. [{\"name\":\"http\",\"status\":\"mocked\"},{\"name\":\"http\",\"status\":\"mocked\"},{\"name\":\"https\",\"status\":\"mocked\"},{\"name\":\"https\",\"status\":\"mocked\"},{\"name\":\"net\",\"status\":\"mocked\"}]"}}
[debug] [2021-04-18T20:03:04.685Z] [runtime-status] [17866] Resolved module firebase-functions {"declared":true,"installed":true,"version":"3.13.2","resolution":"/Users/fugoto/Coding-projects/pixtery/functions/node_modules/firebase-functions/lib/index.js"} {"metadata":{"emulator":{"name":"functions"},"function":{"name":"uploadPuzzleSettings"},"message":"[runtime-status] [17866] Resolved module firebase-functions {\"declared\":true,\"installed\":true,\"version\":\"3.13.2\",\"resolution\":\"/Users/fugoto/Coding-projects/pixtery/functions/node_modules/firebase-functions/lib/index.js\"}"}}
[debug] [2021-04-18T20:03:04.774Z] [runtime-status] [17866] Checked functions.config() {"config":{}} {"metadata":{"emulator":{"name":"functions"},"function":{"name":"uploadPuzzleSettings"},"message":"[runtime-status] [17866] Checked functions.config() {\"config\":{}}"}}
[debug] [2021-04-18T20:03:04.775Z] [runtime-status] [17866] firebase-functions has been stubbed. {"functionsResolution":{"declared":true,"installed":true,"version":"3.13.2","resolution":"/Users/fugoto/Coding-projects/pixtery/functions/node_modules/firebase-functions/lib/index.js"}} {"metadata":{"emulator":{"name":"functions"},"function":{"name":"uploadPuzzleSettings"},"message":"[runtime-status] [17866] firebase-functions has been stubbed. {\"functionsResolution\":{\"declared\":true,\"installed\":true,\"version\":\"3.13.2\",\"resolution\":\"/Users/fugoto/Coding-projects/pixtery/functions/node_modules/firebase-functions/lib/index.js\"}}"}}
[debug] [2021-04-18T20:03:04.776Z] [runtime-status] [17866] Resolved module firebase-functions {"declared":true,"installed":true,"version":"3.13.2","resolution":"/Users/fugoto/Coding-projects/pixtery/functions/node_modules/firebase-functions/lib/index.js"} {"metadata":{"emulator":{"name":"functions"},"function":{"name":"uploadPuzzleSettings"},"message":"[runtime-status] [17866] Resolved module firebase-functions {\"declared\":true,\"installed\":true,\"version\":\"3.13.2\",\"resolution\":\"/Users/fugoto/Coding-projects/pixtery/functions/node_modules/firebase-functions/lib/index.js\"}"}}
[debug] [2021-04-18T20:03:04.779Z] [runtime-status] [17866] Resolved module firebase-admin {"declared":true,"installed":true,"version":"9.6.0","resolution":"/Users/fugoto/Coding-projects/pixtery/functions/node_modules/firebase-admin/lib/index.js"} {"metadata":{"emulator":{"name":"functions"},"function":{"name":"uploadPuzzleSettings"},"message":"[runtime-status] [17866] Resolved module firebase-admin {\"declared\":true,\"installed\":true,\"version\":\"9.6.0\",\"resolution\":\"/Users/fugoto/Coding-projects/pixtery/functions/node_modules/firebase-admin/lib/index.js\"}"}}
[debug] [2021-04-18T20:03:04.780Z] [runtime-status] [17866] Resolved module firebase-functions {"declared":true,"installed":true,"version":"3.13.2","resolution":"/Users/fugoto/Coding-projects/pixtery/functions/node_modules/firebase-functions/lib/index.js"} {"metadata":{"emulator":{"name":"functions"},"function":{"name":"uploadPuzzleSettings"},"message":"[runtime-status] [17866] Resolved module firebase-functions {\"declared\":true,\"installed\":true,\"version\":\"3.13.2\",\"resolution\":\"/Users/fugoto/Coding-projects/pixtery/functions/node_modules/firebase-functions/lib/index.js\"}"}}
[debug] [2021-04-18T20:03:04.780Z] [runtime-status] [17866] firebase-admin has been stubbed. {"adminResolution":{"declared":true,"installed":true,"version":"9.6.0","resolution":"/Users/fugoto/Coding-projects/pixtery/functions/node_modules/firebase-admin/lib/index.js"}} {"metadata":{"emulator":{"name":"functions"},"function":{"name":"uploadPuzzleSettings"},"message":"[runtime-status] [17866] firebase-admin has been stubbed. {\"adminResolution\":{\"declared\":true,\"installed\":true,\"version\":\"9.6.0\",\"resolution\":\"/Users/fugoto/Coding-projects/pixtery/functions/node_modules/firebase-admin/lib/index.js\"}}"}}
[debug] [2021-04-18T20:03:05.218Z] [runtime-status] [17866] Trigger "uploadPuzzleSettings" has been found, beginning invocation! {"metadata":{"emulator":{"name":"functions"},"function":{"name":"uploadPuzzleSettings"},"message":"[runtime-status] [17866] Trigger \"uploadPuzzleSettings\" has been found, beginning invocation!"}}
[info] i  functions: Beginning execution of "uploadPuzzleSettings" {"metadata":{"emulator":{"name":"functions"},"function":{"name":"uploadPuzzleSettings"},"message":"Beginning execution of \"uploadPuzzleSettings\""}}
[debug] [2021-04-18T20:03:05.220Z] [runtime-status] [17866] triggerDefinition {"httpsTrigger":{},"labels":{"deployment-callable":"true"},"name":"uploadPuzzleSettings","entryPoint":"uploadPuzzleSettings"} {"metadata":{"emulator":{"name":"functions"},"function":{"name":"uploadPuzzleSettings"},"message":"[runtime-status] [17866] triggerDefinition {\"httpsTrigger\":{},\"labels\":{\"deployment-callable\":\"true\"},\"name\":\"uploadPuzzleSettings\",\"entryPoint\":\"uploadPuzzleSettings\"}"}}
[debug] [2021-04-18T20:03:05.221Z] [runtime-status] [17866] Running uploadPuzzleSettings in mode HTTPS {"metadata":{"emulator":{"name":"functions"},"function":{"name":"uploadPuzzleSettings"},"message":"[runtime-status] [17866] Running uploadPuzzleSettings in mode HTTPS"}}
[debug] [2021-04-18T20:03:05.229Z] [runtime-status] [17866] Attempting to listen to socketPath: /var/folders/m0/f5lbt3rs341bl5cjm9zk93xr0000gn/T/fire_emu_17866.sock {"metadata":{"emulator":{"name":"functions"},"function":{"name":"uploadPuzzleSettings"},"message":"[runtime-status] [17866] Attempting to listen to socketPath: /var/folders/m0/f5lbt3rs341bl5cjm9zk93xr0000gn/T/fire_emu_17866.sock"}}
[debug] [2021-04-18T20:03:05.235Z] [functions] Runtime ready! Sending request! {"metadata":{"emulator":{"name":"functions"},"message":"[functions] Runtime ready! Sending request!"}}
[debug] [2021-04-18T20:03:05.238Z] [functions] Got req.url=/pixstery-7c9b9/us-central1/uploadPuzzleSettings, mapping to path=/ {"metadata":{"emulator":{"name":"functions"},"message":"[functions] Got req.url=/pixstery-7c9b9/us-central1/uploadPuzzleSettings, mapping to path=/"}}
[debug] [2021-04-18T20:03:05.301Z] [runtime-status] [17866] Ephemeral server handling POST request {"metadata":{"emulator":{"name":"functions"},"function":{"name":"uploadPuzzleSettings"},"message":"[runtime-status] [17866] Ephemeral server handling POST request"}}
[debug] [2021-04-18T20:03:05.306Z] [runtime-status] [17866] Callable functions auth override {"key":"x-callable-context-auth","value":"%7B%22uid%22%3A%22J9rZa6Rhz7gsQDEP5yLhue2wR8V2%22%2C%22token%22%3A%7B%22iss%22%3A%22https%3A%2F%2Fsecuretoken.google.com%2Fpixstery-7c9b9%22%2C%22aud%22%3A%22pixstery-7c9b9%22%2C%22auth_time%22%3A1617908749%2C%22user_id%22%3A%22J9rZa6Rhz7gsQDEP5yLhue2wR8V2%22%2C%22sub%22%3A%22J9rZa6Rhz7gsQDEP5yLhue2wR8V2%22%2C%22iat%22%3A1618775544%2C%22exp%22%3A1618779144%2C%22phone_number%22%3A%22%2B16463576707%22%2C%22firebase%22%3A%7B%22identities%22%3A%7B%22phone%22%3A%5B%22%2B16463576707%22%5D%7D%2C%22sign_in_provider%22%3A%22phone%22%7D%2C%22uid%22%3A%22J9rZa6Rhz7gsQDEP5yLhue2wR8V2%22%7D%7D"} {"metadata":{"emulator":{"name":"functions"},"function":{"name":"uploadPuzzleSettings"},"message":"[runtime-status] [17866] Callable functions auth override {\"key\":\"x-callable-context-auth\",\"value\":\"%7B%22uid%22%3A%22J9rZa6Rhz7gsQDEP5yLhue2wR8V2%22%2C%22token%22%3A%7B%22iss%22%3A%22https%3A%2F%2Fsecuretoken.google.com%2Fpixstery-7c9b9%22%2C%22aud%22%3A%22pixstery-7c9b9%22%2C%22auth_time%22%3A1617908749%2C%22user_id%22%3A%22J9rZa6Rhz7gsQDEP5yLhue2wR8V2%22%2C%22sub%22%3A%22J9rZa6Rhz7gsQDEP5yLhue2wR8V2%22%2C%22iat%22%3A1618775544%2C%22exp%22%3A1618779144%2C%22phone_number%22%3A%22%2B16463576707%22%2C%22firebase%22%3A%7B%22identities%22%3A%7B%22phone%22%3A%5B%22%2B16463576707%22%5D%7D%2C%22sign_in_provider%22%3A%22phone%22%7D%2C%22uid%22%3A%22J9rZa6Rhz7gsQDEP5yLhue2wR8V2%22%7D%7D\"}"}}
[info] >  uploading puzz settings {"user":"uploading puzz settings","metadata":{"emulator":{"name":"functions"},"function":{"name":"uploadPuzzleSettings"},"message":"\u001b[90m> \u001b[39m uploading puzz settings"}}
[debug] [2021-04-18T20:03:05.496Z] [runtime-status] [17866] Ephemeral server survived. {"metadata":{"emulator":{"name":"functions"},"function":{"name":"uploadPuzzleSettings"},"message":"[runtime-status] [17866] Ephemeral server survived."}}
[info] i  functions: Finished "uploadPuzzleSettings" in ~1s {"metadata":{"emulator":{"name":"functions"},"function":{"name":"uploadPuzzleSettings"},"message":"Finished \"uploadPuzzleSettings\" in ~1s"}}
[debug] [2021-04-18T20:03:05.907Z] [worker-uploadPuzzleSettings-53b0bafd-ffde-4b9f-9964-cef4a7c9424f]: IDLE {"metadata":{"emulator":{"name":"functions"},"message":"[worker-uploadPuzzleSettings-53b0bafd-ffde-4b9f-9964-cef4a7c9424f]: IDLE"}}
[debug] [2021-04-18T20:03:05.907Z] [work-queue] {"queueLength":0,"workRunningCount":0}
[debug] [2021-04-18T20:03:39.138Z] Apr 18, 2021 4:03:39 PM io.gapi.emulators.netty.HttpVersionRoutingHandler channelRead
INFO: Detected non-HTTP/2 connection.
 {"metadata":{"emulator":{"name":"firestore"},"message":"Apr 18, 2021 4:03:39 PM io.gapi.emulators.netty.HttpVersionRoutingHandler channelRead\nINFO: Detected non-HTTP/2 connection.\n"}}
[debug] [2021-04-18T20:03:39.748Z] Apr 18, 2021 4:03:39 PM io.gapi.emulators.netty.HttpVersionRoutingHandler channelRead
INFO: Detected HTTP/2 connection.
 {"metadata":{"emulator":{"name":"firestore"},"message":"Apr 18, 2021 4:03:39 PM io.gapi.emulators.netty.HttpVersionRoutingHandler channelRead\nINFO: Detected HTTP/2 connection.\n"}}
